#
# There is insufficient memory for the Java Runtime Environment to continue.
# Native memory allocation (malloc) failed to allocate 37056 bytes for Chunk::new
# Possible reasons:
#   The system is out of physical RAM or swap space
#   The process is running with CompressedOops enabled, and the Java Heap may be blocking the growth of the native heap
# Possible solutions:
#   Reduce memory load on the system
#   Increase physical memory or swap space
#   Check if swap backing store is full
#   Decrease Java heap size (-Xmx/-Xms)
#   Decrease number of Java threads
#   Decrease Java thread stack sizes (-Xss)
#   Set larger code cache with -XX:ReservedCodeCacheSize=
#   JVM is running with Unscaled Compressed Oops mode in which the Java heap is
#     placed in the first 4GB address space. The Java Heap base address is the
#     maximum limit for the native heap growth. Please use -XX:HeapBaseMinAddress
#     to set the Java Heap base and to place the Java Heap above 4GB virtual address.
# This output file may be truncated or incomplete.
#
#  Out of Memory Error (allocation.cpp:389), pid=23192, tid=0x000000000000245c
#
# JRE version: Java(TM) SE Runtime Environment (8.0_202-b08) (build 1.8.0_202-b08)
# Java VM: Java HotSpot(TM) 64-Bit Server VM (25.202-b08 mixed mode windows-amd64 compressed oops)
# Failed to write core dump. Minidumps are not enabled by default on client versions of Windows
#

---------------  T H R E A D  ---------------

Current thread (0x000000001657d800):  JavaThread "C2 CompilerThread1" daemon [_thread_in_native, id=9308, stack(0x0000000017cc0000,0x0000000017dc0000)]

Stack: [0x0000000017cc0000,0x0000000017dc0000]
[error occurred during error reporting (printing stack bounds), id 0xc0000005]

Native frames: (J=compiled Java code, j=interpreted, Vv=VM code, C=native code)


Current CompileTask:
C2: 182062 4460   !   4       java.net.URLClassLoader$1::run (63 bytes)


---------------  P R O C E S S  ---------------

Java Threads: ( => current thread )
  0x0000000019a16000 JavaThread "AWT-Shutdown" [_thread_blocked, id=12780, stack(0x000000001e410000,0x000000001e510000)]
  0x0000000019a0a800 JavaThread "Keep-Alive-Timer" daemon [_thread_blocked, id=30364, stack(0x0000000021670000,0x0000000021770000)]
  0x0000000019a0d000 JavaThread "Exec Stream Pumper" daemon [_thread_in_native, id=11872, stack(0x0000000021570000,0x0000000021670000)]
  0x0000000019a11800 JavaThread "Exec Stream Pumper" daemon [_thread_in_native, id=16284, stack(0x0000000021470000,0x0000000021570000)]
  0x0000000019a0a000 JavaThread "Driver Service Executor" daemon [_thread_blocked, id=17016, stack(0x0000000021270000,0x0000000021370000)]
  0x0000000019a08800 JavaThread "Driver Service Executor" daemon [_thread_blocked, id=15240, stack(0x0000000021170000,0x0000000021270000)]
  0x0000000019a0b800 JavaThread "Exec Default Executor" daemon [_thread_in_native, id=36692, stack(0x0000000020570000,0x0000000020670000)]
  0x0000000019a0f000 JavaThread "Exec Stream Pumper" daemon [_thread_in_native, id=18248, stack(0x0000000021070000,0x0000000021170000)]
  0x0000000019a09000 JavaThread "Exec Stream Pumper" daemon [_thread_in_native, id=14800, stack(0x0000000020f70000,0x0000000021070000)]
  0x0000000019a0c000 JavaThread "Driver Service Executor" daemon [_thread_blocked, id=20904, stack(0x0000000020e70000,0x0000000020f70000)]
  0x0000000019a0e800 JavaThread "Driver Service Executor" daemon [_thread_blocked, id=25772, stack(0x0000000020d70000,0x0000000020e70000)]
  0x0000000019a0d800 JavaThread "Exec Default Executor" daemon [_thread_in_native, id=13016, stack(0x0000000020c70000,0x0000000020d70000)]
  0x000000001933e000 JavaThread "Exec Stream Pumper" daemon [_thread_in_native, id=29312, stack(0x0000000020b70000,0x0000000020c70000)]
  0x00000000191ab000 JavaThread "Exec Stream Pumper" daemon [_thread_in_native, id=31172, stack(0x0000000020a70000,0x0000000020b70000)]
  0x00000000191a8000 JavaThread "Driver Service Executor" daemon [_thread_blocked, id=25024, stack(0x00000000011a0000,0x00000000012a0000)]
  0x00000000191ac000 JavaThread "Driver Service Executor" daemon [_thread_blocked, id=38180, stack(0x00000000010a0000,0x00000000011a0000)]
  0x00000000191a9800 JavaThread "Exec Default Executor" daemon [_thread_in_native, id=30308, stack(0x0000000000fa0000,0x00000000010a0000)]
  0x00000000191a7800 JavaThread "Exec Stream Pumper" daemon [_thread_in_native, id=15748, stack(0x0000000020970000,0x0000000020a70000)]
  0x00000000191a3000 JavaThread "Exec Stream Pumper" daemon [_thread_in_native, id=38592, stack(0x0000000020870000,0x0000000020970000)]
  0x00000000191a9000 JavaThread "Driver Service Executor" daemon [_thread_blocked, id=18724, stack(0x0000000020770000,0x0000000020870000)]
  0x000000001919f000 JavaThread "Driver Service Executor" daemon [_thread_blocked, id=33044, stack(0x0000000020670000,0x0000000020770000)]
  0x00000000191a2000 JavaThread "Exec Default Executor" daemon [_thread_in_native, id=30216, stack(0x000000001ff60000,0x0000000020060000)]
  0x00000000191a0800 JavaThread "AsyncHttpClient-1-9" daemon [_thread_in_native, id=5160, stack(0x0000000020060000,0x0000000020160000)]
  0x00000000191a6800 JavaThread "AsyncHttpClient-1-8" daemon [_thread_in_native, id=34432, stack(0x000000001fa50000,0x000000001fb50000)]
  0x00000000191a6000 JavaThread "Exec Stream Pumper" daemon [_thread_in_native, id=17096, stack(0x000000001f950000,0x000000001fa50000)]
  0x00000000191a5000 JavaThread "Exec Stream Pumper" daemon [_thread_in_native, id=10088, stack(0x000000001f460000,0x000000001f560000)]
  0x000000001919e800 JavaThread "Driver Service Executor" daemon [_thread_blocked, id=24076, stack(0x000000001f850000,0x000000001f950000)]
  0x00000000191a4800 JavaThread "Driver Service Executor" daemon [_thread_blocked, id=36976, stack(0x000000001f750000,0x000000001f850000)]
  0x000000001919d000 JavaThread "Exec Default Executor" daemon [_thread_in_native, id=9764, stack(0x000000001a2d0000,0x000000001a3d0000)]
  0x00000000191a1800 JavaThread "AWT-Windows" daemon [_thread_in_native, id=26228, stack(0x000000001f560000,0x000000001f660000)]
  0x00000000191a3800 JavaThread "Java2D Disposer" daemon [_thread_blocked, id=39488, stack(0x000000001f360000,0x000000001f460000)]
  0x00000000191a0000 JavaThread "AsyncHttpClient-1-7" daemon [_thread_in_native, id=38324, stack(0x000000001ea20000,0x000000001eb20000)]
  0x000000001919d800 JavaThread "AsyncHttpClient-1-6" daemon [_thread_in_native, id=36296, stack(0x000000001e510000,0x000000001e610000)]
  0x000000001933f000 JavaThread "AsyncHttpClient-1-5" daemon [_thread_in_native, id=1052, stack(0x000000001df00000,0x000000001e000000)]
  0x000000001933d800 JavaThread "Exec Stream Pumper" daemon [_thread_in_native, id=1092, stack(0x000000001de00000,0x000000001df00000)]
  0x000000001933f800 JavaThread "Exec Stream Pumper" daemon [_thread_in_native, id=5288, stack(0x000000001dd00000,0x000000001de00000)]
  0x000000001933c800 JavaThread "Driver Service Executor" daemon [_thread_blocked, id=608, stack(0x000000001dc00000,0x000000001dd00000)]
  0x0000000019342000 JavaThread "Driver Service Executor" daemon [_thread_blocked, id=23908, stack(0x000000001db00000,0x000000001dc00000)]
  0x0000000019343800 JavaThread "Exec Default Executor" daemon [_thread_in_native, id=23632, stack(0x000000001c5d0000,0x000000001c6d0000)]
  0x0000000019341000 JavaThread "AsyncHttpClient-1-4" daemon [_thread_in_native, id=21756, stack(0x000000001d5f0000,0x000000001d6f0000)]
  0x0000000019342800 JavaThread "AsyncHttpClient-1-3" daemon [_thread_in_native, id=33936, stack(0x000000001cfe0000,0x000000001d0e0000)]
  0x0000000019340800 JavaThread "AsyncHttpClient-1-2" daemon [_thread_in_native, id=8524, stack(0x000000001c8d0000,0x000000001c9d0000)]
  0x00000000184e6800 JavaThread "Exec Stream Pumper" daemon [_thread_in_native, id=35804, stack(0x000000001c4d0000,0x000000001c5d0000)]
  0x0000000019d8e000 JavaThread "Exec Stream Pumper" daemon [_thread_in_native, id=25328, stack(0x000000001c3d0000,0x000000001c4d0000)]
  0x0000000017f47800 JavaThread "UrlChecker-2" daemon [_thread_blocked, id=25588, stack(0x000000001c1d0000,0x000000001c2d0000)]
  0x0000000019931800 JavaThread "Driver Service Executor" daemon [_thread_blocked, id=25960, stack(0x000000001c0d0000,0x000000001c1d0000)]
  0x00000000198a8000 JavaThread "Driver Service Executor" daemon [_thread_blocked, id=35028, stack(0x000000001bfd0000,0x000000001c0d0000)]
  0x0000000019afd800 JavaThread "Exec Default Executor" daemon [_thread_in_native, id=19276, stack(0x000000001bed0000,0x000000001bfd0000)]
  0x000000001986a000 JavaThread "AsyncHttpClient-1-1" daemon [_thread_blocked, id=20156, stack(0x000000001aa00000,0x000000001ab00000)]
  0x00000000186d2000 JavaThread "ReaderThread" [_thread_in_native, id=31660, stack(0x0000000018cc0000,0x0000000018dc0000)]
  0x0000000017f0c000 JavaThread "Service Thread" daemon [_thread_blocked, id=5448, stack(0x00000000182c0000,0x00000000183c0000)]
  0x000000001658e000 JavaThread "C1 CompilerThread2" daemon [_thread_blocked, id=11984, stack(0x0000000017dc0000,0x0000000017ec0000)]
=>0x000000001657d800 JavaThread "C2 CompilerThread1" daemon [_thread_in_native, id=9308, stack(0x0000000017cc0000,0x0000000017dc0000)]
  0x0000000016576800 JavaThread "C2 CompilerThread0" daemon [_thread_in_native, id=34320, stack(0x0000000017bc0000,0x0000000017cc0000)]
  0x0000000016574800 JavaThread "Attach Listener" daemon [_thread_blocked, id=39816, stack(0x0000000017ac0000,0x0000000017bc0000)]
  0x0000000016573800 JavaThread "Signal Dispatcher" daemon [_thread_blocked, id=4900, stack(0x00000000179c0000,0x0000000017ac0000)]
  0x000000001655f800 JavaThread "Finalizer" daemon [_thread_blocked, id=36268, stack(0x00000000177c0000,0x00000000178c0000)]
  0x0000000002dc6800 JavaThread "Reference Handler" daemon [_thread_blocked, id=23740, stack(0x00000000176c0000,0x00000000177c0000)]
  0x0000000002cd8000 JavaThread "main" [_thread_in_native, id=3112, stack(0x0000000002b90000,0x0000000002c90000)]

Other Threads:
  0x0000000016538800 VMThread [stack: 0x00000000175c0000,0x00000000176c0000] [id=38088]
  0x0000000017f10000 WatcherThread [stack: 0x00000000183c0000,0x00000000184c0000] [id=26568]

VM state:not at safepoint (normal execution)

VM Mutex/Monitor currently owned by a thread: None

OutOfMemory and StackOverflow Exception counts:
OutOfMemoryError java_heap_errors=3

heap address: 0x00000000a3200000, size: 1486 MB, Compressed Oops mode: 32-bit
Narrow klass base: 0x0000000000000000, Narrow klass shift: 3
Compressed class space size: 1073741824 Address: 0x0000000100000000

Heap:
 PSYoungGen      total 112640K, used 22524K [0x00000000e1100000, 0x00000000eaf00000, 0x0000000100000000)
  eden space 88064K, 25% used [0x00000000e1100000,0x00000000e26ff390,0x00000000e6700000)
  from space 24576K, 0% used [0x00000000e6700000,0x00000000e6700000,0x00000000e7f00000)
  to   space 26112K, 0% used [0x00000000e9580000,0x00000000e9580000,0x00000000eaf00000)
 ParOldGen       total 52736K, used 42779K [0x00000000a3200000, 0x00000000a6580000, 0x00000000e1100000)
  object space 52736K, 81% used [0x00000000a3200000,0x00000000a5bc6c78,0x00000000a6580000)
 Metaspace       used 35004K, capacity 36946K, committed 37288K, reserved 1081344K
  class space    used 4393K, capacity 4795K, committed 4864K, reserved 1048576K

Card table byte_map: [0x0000000012190000,0x0000000012480000] byte_map_base: 0x0000000011c77000

Marking Bits: (ParMarkBitMap*) 0x0000000070855ce0
 Begin Bits: [0x0000000012a70000, 0x00000000141a8000)
 End Bits:   [0x00000000141a8000, 0x00000000158e0000)

Polling page: 0x00000000013a0000

CodeCache: size=245760Kb used=11631Kb max_used=11631Kb free=234129Kb
 bounds [0x0000000002dd0000, 0x0000000003940000, 0x0000000011dd0000]
 total_blobs=4556 nmethods=4022 adapters=447
 compilation: enabled

Compilation events (10 events):
Event: 181.728 Thread 0x000000001658e000 nmethod 4455 0x0000000003939e10 code [0x0000000003939f80, 0x000000000393a218]
Event: 181.903 Thread 0x000000001658e000 4456       3       java.util.zip.ZipUtils::get32 (23 bytes)
Event: 181.903 Thread 0x000000001658e000 nmethod 4456 0x000000000393a350 code [0x000000000393a4e0, 0x000000000393a910]
Event: 181.907 Thread 0x000000001658e000 4457       3       java.nio.file.attribute.FileTime::from (18 bytes)
Event: 181.908 Thread 0x000000001658e000 nmethod 4457 0x000000000393abd0 code [0x000000000393ad60, 0x000000000393b128]
Event: 181.908 Thread 0x000000001658e000 4458       3       java.nio.file.attribute.FileTime::<init> (21 bytes)
Event: 181.908 Thread 0x000000001658e000 nmethod 4458 0x000000000393b310 code [0x000000000393b460, 0x000000000393b630]
Event: 181.913 Thread 0x000000001658e000 4459       3       java.util.zip.ZipUtils::unixTimeToFileTime (8 bytes)
Event: 181.914 Thread 0x000000001658e000 nmethod 4459 0x000000000393b6d0 code [0x000000000393b840, 0x000000000393bb90]
Event: 181.941 Thread 0x000000001657d800 4460   !   4       java.net.URLClassLoader$1::run (63 bytes)

GC Heap History (10 events):
Event: 10.775 GC heap before
{Heap before GC invocations=7 (full 1):
 PSYoungGen      total 52736K, used 49152K [0x00000000e1100000, 0x00000000e8300000, 0x0000000100000000)
  eden space 49152K, 100% used [0x00000000e1100000,0x00000000e4100000,0x00000000e4100000)
  from space 3584K, 0% used [0x00000000e4100000,0x00000000e4100000,0x00000000e4480000)
  to   space 9216K, 0% used [0x00000000e7a00000,0x00000000e7a00000,0x00000000e8300000)
 ParOldGen       total 52736K, used 10019K [0x00000000a3200000, 0x00000000a6580000, 0x00000000e1100000)
  object space 52736K, 18% used [0x00000000a3200000,0x00000000a3bc8f48,0x00000000a6580000)
 Metaspace       used 25289K, capacity 26920K, committed 27136K, reserved 1073152K
  class space    used 3440K, capacity 3792K, committed 3840K, reserved 1048576K
Event: 10.786 GC heap after
Heap after GC invocations=7 (full 1):
 PSYoungGen      total 79360K, used 9212K [0x00000000e1100000, 0x00000000e8300000, 0x0000000100000000)
  eden space 70144K, 0% used [0x00000000e1100000,0x00000000e1100000,0x00000000e5580000)
  from space 9216K, 99% used [0x00000000e7a00000,0x00000000e82ff2f8,0x00000000e8300000)
  to   space 10752K, 0% used [0x00000000e6e00000,0x00000000e6e00000,0x00000000e7880000)
 ParOldGen       total 52736K, used 10208K [0x00000000a3200000, 0x00000000a6580000, 0x00000000e1100000)
  object space 52736K, 19% used [0x00000000a3200000,0x00000000a3bf80d8,0x00000000a6580000)
 Metaspace       used 25289K, capacity 26920K, committed 27136K, reserved 1073152K
  class space    used 3440K, capacity 3792K, committed 3840K, reserved 1048576K
}
Event: 85.215 GC heap before
{Heap before GC invocations=8 (full 1):
 PSYoungGen      total 79360K, used 79356K [0x00000000e1100000, 0x00000000e8300000, 0x0000000100000000)
  eden space 70144K, 100% used [0x00000000e1100000,0x00000000e5580000,0x00000000e5580000)
  from space 9216K, 99% used [0x00000000e7a00000,0x00000000e82ff2f8,0x00000000e8300000)
  to   space 10752K, 0% used [0x00000000e6e00000,0x00000000e6e00000,0x00000000e7880000)
 ParOldGen       total 52736K, used 10208K [0x00000000a3200000, 0x00000000a6580000, 0x00000000e1100000)
  object space 52736K, 19% used [0x00000000a3200000,0x00000000a3bf80d8,0x00000000a6580000)
 Metaspace       used 27917K, capacity 29742K, committed 29952K, reserved 1075200K
  class space    used 3667K, capacity 4059K, committed 4096K, reserved 1048576K
Event: 85.235 GC heap after
Heap after GC invocations=8 (full 1):
 PSYoungGen      total 105984K, used 10720K [0x00000000e1100000, 0x00000000e9000000, 0x0000000100000000)
  eden space 95232K, 0% used [0x00000000e1100000,0x00000000e1100000,0x00000000e6e00000)
  from space 10752K, 99% used [0x00000000e6e00000,0x00000000e7878070,0x00000000e7880000)
  to   space 17408K, 0% used [0x00000000e7f00000,0x00000000e7f00000,0x00000000e9000000)
 ParOldGen       total 52736K, used 20392K [0x00000000a3200000, 0x00000000a6580000, 0x00000000e1100000)
  object space 52736K, 38% used [0x00000000a3200000,0x00000000a45ea078,0x00000000a6580000)
 Metaspace       used 27917K, capacity 29742K, committed 29952K, reserved 1075200K
  class space    used 3667K, capacity 4059K, committed 4096K, reserved 1048576K
}
Event: 180.859 GC heap before
{Heap before GC invocations=9 (full 1):
 PSYoungGen      total 105984K, used 105952K [0x00000000e1100000, 0x00000000e9000000, 0x0000000100000000)
  eden space 95232K, 100% used [0x00000000e1100000,0x00000000e6e00000,0x00000000e6e00000)
  from space 10752K, 99% used [0x00000000e6e00000,0x00000000e7878070,0x00000000e7880000)
  to   space 17408K, 0% used [0x00000000e7f00000,0x00000000e7f00000,0x00000000e9000000)
 ParOldGen       total 52736K, used 20392K [0x00000000a3200000, 0x00000000a6580000, 0x00000000e1100000)
  object space 52736K, 38% used [0x00000000a3200000,0x00000000a45ea078,0x00000000a6580000)
 Metaspace       used 30454K, capacity 32356K, committed 32512K, reserved 1077248K
  class space    used 3855K, capacity 4244K, committed 4352K, reserved 1048576K
Event: 180.875 GC heap after
Heap after GC invocations=9 (full 1):
 PSYoungGen      total 105472K, used 17402K [0x00000000e1100000, 0x00000000eb980000, 0x0000000100000000)
  eden space 88064K, 0% used [0x00000000e1100000,0x00000000e1100000,0x00000000e6700000)
  from space 17408K, 99% used [0x00000000e7f00000,0x00000000e8ffeb68,0x00000000e9000000)
  to   space 24576K, 0% used [0x00000000e6700000,0x00000000e6700000,0x00000000e7f00000)
 ParOldGen       total 52736K, used 29418K [0x00000000a3200000, 0x00000000a6580000, 0x00000000e1100000)
  object space 52736K, 55% used [0x00000000a3200000,0x00000000a4ebabf8,0x00000000a6580000)
 Metaspace       used 30454K, capacity 32356K, committed 32512K, reserved 1077248K
  class space    used 3855K, capacity 4244K, committed 4352K, reserved 1048576K
}
Event: 181.548 GC heap before
{Heap before GC invocations=10 (full 1):
 PSYoungGen      total 105472K, used 59785K [0x00000000e1100000, 0x00000000eb980000, 0x0000000100000000)
  eden space 88064K, 48% used [0x00000000e1100000,0x00000000e3a63a00,0x00000000e6700000)
  from space 17408K, 99% used [0x00000000e7f00000,0x00000000e8ffeb68,0x00000000e9000000)
  to   space 24576K, 0% used [0x00000000e6700000,0x00000000e6700000,0x00000000e7f00000)
 ParOldGen       total 52736K, used 29418K [0x00000000a3200000, 0x00000000a6580000, 0x00000000e1100000)
  object space 52736K, 55% used [0x00000000a3200000,0x00000000a4ebabf8,0x00000000a6580000)
 Metaspace       used 33441K, capacity 35314K, committed 35496K, reserved 1081344K
  class space    used 4192K, capacity 4571K, committed 4608K, reserved 1048576K
Event: 181.564 GC heap after
Heap after GC invocations=10 (full 1):
 PSYoungGen      total 112640K, used 18128K [0x00000000e1100000, 0x00000000eaf00000, 0x0000000100000000)
  eden space 88064K, 0% used [0x00000000e1100000,0x00000000e1100000,0x00000000e6700000)
  from space 24576K, 73% used [0x00000000e6700000,0x00000000e78b4290,0x00000000e7f00000)
  to   space 26112K, 0% used [0x00000000e9580000,0x00000000e9580000,0x00000000eaf00000)
 ParOldGen       total 52736K, used 30571K [0x00000000a3200000, 0x00000000a6580000, 0x00000000e1100000)
  object space 52736K, 57% used [0x00000000a3200000,0x00000000a4fdac60,0x00000000a6580000)
 Metaspace       used 33441K, capacity 35314K, committed 35496K, reserved 1081344K
  class space    used 4192K, capacity 4571K, committed 4608K, reserved 1048576K
}
Event: 181.564 GC heap before
{Heap before GC invocations=11 (full 2):
 PSYoungGen      total 112640K, used 18128K [0x00000000e1100000, 0x00000000eaf00000, 0x0000000100000000)
  eden space 88064K, 0% used [0x00000000e1100000,0x00000000e1100000,0x00000000e6700000)
  from space 24576K, 73% used [0x00000000e6700000,0x00000000e78b4290,0x00000000e7f00000)
  to   space 26112K, 0% used [0x00000000e9580000,0x00000000e9580000,0x00000000eaf00000)
 ParOldGen       total 52736K, used 30571K [0x00000000a3200000, 0x00000000a6580000, 0x00000000e1100000)
  object space 52736K, 57% used [0x00000000a3200000,0x00000000a4fdac60,0x00000000a6580000)
 Metaspace       used 33441K, capacity 35314K, committed 35496K, reserved 1081344K
  class space    used 4192K, capacity 4571K, committed 4608K, reserved 1048576K
Event: 181.698 GC heap after
Heap after GC invocations=11 (full 2):
 PSYoungGen      total 112640K, used 0K [0x00000000e1100000, 0x00000000eaf00000, 0x0000000100000000)
  eden space 88064K, 0% used [0x00000000e1100000,0x00000000e1100000,0x00000000e6700000)
  from space 24576K, 0% used [0x00000000e6700000,0x00000000e6700000,0x00000000e7f00000)
  to   space 26112K, 0% used [0x00000000e9580000,0x00000000e9580000,0x00000000eaf00000)
 ParOldGen       total 52736K, used 42779K [0x00000000a3200000, 0x00000000a6580000, 0x00000000e1100000)
  object space 52736K, 81% used [0x00000000a3200000,0x00000000a5bc6c78,0x00000000a6580000)
 Metaspace       used 33441K, capacity 35314K, committed 35496K, reserved 1081344K
  class space    used 4192K, capacity 4571K, committed 4608K, reserved 1048576K
}

Deoptimization events (10 events):
Event: 22.187 Thread 0x0000000002cd8000 Uncommon trap: reason=bimorphic action=maybe_recompile pc=0x000000000303f318 method=java.util.Hashtable.put(Ljava/lang/Object;Ljava/lang/Object;)Ljava/lang/Object; @ 18
Event: 22.209 Thread 0x0000000002cd8000 Uncommon trap: reason=bimorphic action=maybe_recompile pc=0x000000000303f318 method=java.util.Hashtable.put(Ljava/lang/Object;Ljava/lang/Object;)Ljava/lang/Object; @ 18
Event: 157.487 Thread 0x0000000019a0a000 Uncommon trap: reason=unstable_if action=reinterpret pc=0x000000000352f494 method=java.io.BufferedInputStream.read1([BII)I @ 60
Event: 158.012 Thread 0x0000000002cd8000 Uncommon trap: reason=unstable_if action=reinterpret pc=0x00000000030b3ba4 method=sun.nio.cs.SingleByte$Encoder.encode(C)I @ 13
Event: 180.037 Thread 0x0000000019a16000 Uncommon trap: reason=unstable_if action=reinterpret pc=0x000000000352716c method=java.io.BufferedInputStream.read1([BII)I @ 60
Event: 180.888 Thread 0x000000001655f800 Uncommon trap: reason=unstable_if action=reinterpret pc=0x00000000037a7254 method=java.util.HashMap$HashIterator.<init>(Ljava/util/HashMap;)V @ 45
Event: 181.148 Thread 0x0000000002cd8000 Uncommon trap: reason=class_check action=maybe_recompile pc=0x00000000033ae8d8 method=java.util.concurrent.ConcurrentHashMap.putVal(Ljava/lang/Object;Ljava/lang/Object;Z)Ljava/lang/Object; @ 192
Event: 181.148 Thread 0x0000000002cd8000 Uncommon trap: reason=class_check action=maybe_recompile pc=0x00000000033ae8d8 method=java.util.concurrent.ConcurrentHashMap.putVal(Ljava/lang/Object;Ljava/lang/Object;Z)Ljava/lang/Object; @ 192
Event: 181.148 Thread 0x0000000002cd8000 Uncommon trap: reason=unstable_if action=reinterpret pc=0x00000000034494ec method=java.util.concurrent.ConcurrentHashMap.get(Ljava/lang/Object;)Ljava/lang/Object; @ 152
Event: 181.148 Thread 0x0000000002cd8000 Uncommon trap: reason=class_check action=maybe_recompile pc=0x00000000033ae8d8 method=java.util.concurrent.ConcurrentHashMap.putVal(Ljava/lang/Object;Ljava/lang/Object;Z)Ljava/lang/Object; @ 192

Classes redefined (0 events):
No events

Internal exceptions (10 events):
Event: 160.831 Thread 0x0000000017f47800 Exception <a 'java/net/SocketTimeoutException': connect timed out> (0x00000000e4473440) thrown at [C:\re\workspace\8-2-build-windows-amd64-cygwin\jdk8u202\12323\hotspot\src\share\vm\prims\jni.cpp, line 736]
Event: 163.425 Thread 0x0000000002cd8000 Exception <a 'java/lang/reflect/InvocationTargetException'> (0x00000000e50b9738) thrown at [C:\re\workspace\8-2-build-windows-amd64-cygwin\jdk8u202\12323\hotspot\src\share\vm\runtime\reflection.cpp, line 1092]
Event: 164.045 Thread 0x0000000017f47800 Exception <a 'java/net/SocketTimeoutException': connect timed out> (0x00000000e44816b0) thrown at [C:\re\workspace\8-2-build-windows-amd64-cygwin\jdk8u202\12323\hotspot\src\share\vm\prims\jni.cpp, line 736]
Event: 164.563 Thread 0x0000000017f47800 Exception <a 'java/net/SocketTimeoutException': connect timed out> (0x00000000e4482b38) thrown at [C:\re\workspace\8-2-build-windows-amd64-cygwin\jdk8u202\12323\hotspot\src\share\vm\prims\jni.cpp, line 736]
Event: 165.100 Thread 0x0000000017f47800 Exception <a 'java/net/SocketTimeoutException': connect timed out> (0x00000000e4483fc0) thrown at [C:\re\workspace\8-2-build-windows-amd64-cygwin\jdk8u202\12323\hotspot\src\share\vm\prims\jni.cpp, line 736]
Event: 165.652 Thread 0x0000000017f47800 Exception <a 'java/net/SocketTimeoutException': connect timed out> (0x00000000e4485448) thrown at [C:\re\workspace\8-2-build-windows-amd64-cygwin\jdk8u202\12323\hotspot\src\share\vm\prims\jni.cpp, line 736]
Event: 166.252 Thread 0x0000000017f47800 Exception <a 'java/net/SocketTimeoutException': connect timed out> (0x00000000e44868d0) thrown at [C:\re\workspace\8-2-build-windows-amd64-cygwin\jdk8u202\12323\hotspot\src\share\vm\prims\jni.cpp, line 736]
Event: 180.556 Thread 0x0000000017f47800 Exception <a 'java/net/SocketTimeoutException': connect timed out> (0x00000000e5bf68a8) thrown at [C:\re\workspace\8-2-build-windows-amd64-cygwin\jdk8u202\12323\hotspot\src\share\vm\prims\jni.cpp, line 736]
Event: 180.559 Thread 0x0000000002cd8000 Exception <a 'java/lang/NullPointerException'> (0x00000000e5a7d020) thrown at [C:\re\workspace\8-2-build-windows-amd64-cygwin\jdk8u202\12323\hotspot\src\share\vm\interpreter\linkResolver.cpp, line 1185]
Event: 180.559 Thread 0x0000000002cd8000 Exception <a 'java/lang/reflect/InvocationTargetException'> (0x00000000e5a7d410) thrown at [C:\re\workspace\8-2-build-windows-amd64-cygwin\jdk8u202\12323\hotspot\src\share\vm\runtime\reflection.cpp, line 1092]

Events (10 events):
Event: 182.049 loading class com/fasterxml/jackson/databind/ser/BeanSerializerModifier
Event: 182.050 loading class com/fasterxml/jackson/databind/ser/BeanSerializerModifier done
Event: 182.051 loading class net/masterthought/cucumber/ReportParser
Event: 182.051 loading class net/masterthought/cucumber/ReportParser done
Event: 182.053 loading class com/fasterxml/jackson/databind/Module
Event: 182.053 loading class com/fasterxml/jackson/databind/Module done
Event: 182.054 loading class com/fasterxml/jackson/datatype/jsr310/JavaTimeModule
Event: 182.054 loading class com/fasterxml/jackson/datatype/jsr310/JavaTimeModule done
Event: 182.058 loading class com/fasterxml/jackson/databind/module/SimpleModule
Event: 182.058 loading class com/fasterxml/jackson/databind/module/SimpleModule done


Dynamic libraries:
0x00007ff631540000 - 0x00007ff631577000 	C:\Program Files\Java\jre1.8.0_202\bin\javaw.exe
0x00007ffc74070000 - 0x00007ffc74268000 	C:\Windows\SYSTEM32\ntdll.dll
0x00007ffc73560000 - 0x00007ffc7361d000 	C:\Windows\System32\KERNEL32.DLL
0x00007ffc71990000 - 0x00007ffc71c62000 	C:\Windows\System32\KERNELBASE.dll
0x00007ffc726f0000 - 0x00007ffc7279e000 	C:\Windows\System32\ADVAPI32.dll
0x00007ffc729b0000 - 0x00007ffc72a4e000 	C:\Windows\System32\msvcrt.dll
0x00007ffc72160000 - 0x00007ffc721fc000 	C:\Windows\System32\sechost.dll
0x00007ffc73630000 - 0x00007ffc73755000 	C:\Windows\System32\RPCRT4.dll
0x00007ffc72810000 - 0x00007ffc729ad000 	C:\Windows\System32\USER32.dll
0x00007ffc718a0000 - 0x00007ffc718c2000 	C:\Windows\System32\win32u.dll
0x00007ffc73480000 - 0x00007ffc734ab000 	C:\Windows\System32\GDI32.dll
0x00007ffc71f20000 - 0x00007ffc7202f000 	C:\Windows\System32\gdi32full.dll
0x00007ffc72030000 - 0x00007ffc720cd000 	C:\Windows\System32\msvcp_win.dll
0x00007ffc71c70000 - 0x00007ffc71d70000 	C:\Windows\System32\ucrtbase.dll
0x00007ffc63560000 - 0x00007ffc637fa000 	C:\Windows\WinSxS\amd64_microsoft.windows.common-controls_6595b64144ccf1df_6.0.19041.1110_none_60b5254171f9507e\COMCTL32.dll
0x00007ffc73c60000 - 0x00007ffc73c90000 	C:\Windows\System32\IMM32.DLL
0x000000006f920000 - 0x000000006f9f2000 	C:\Program Files\Java\jre1.8.0_202\bin\msvcr100.dll
0x0000000070030000 - 0x00000000708d5000 	C:\Program Files\Java\jre1.8.0_202\bin\server\jvm.dll
0x00007ffc727a0000 - 0x00007ffc727a8000 	C:\Windows\System32\PSAPI.DLL
0x00007ffc5c6a0000 - 0x00007ffc5c6a9000 	C:\Windows\SYSTEM32\WSOCK32.dll
0x00007ffc66890000 - 0x00007ffc668b7000 	C:\Windows\SYSTEM32\WINMM.dll
0x00007ffc6b110000 - 0x00007ffc6b11a000 	C:\Windows\SYSTEM32\VERSION.dll
0x00007ffc73410000 - 0x00007ffc7347b000 	C:\Windows\System32\WS2_32.dll
0x00007ffc66450000 - 0x00007ffc6645f000 	C:\Program Files\Java\jre1.8.0_202\bin\verify.dll
0x00007ffc5ac90000 - 0x00007ffc5acb9000 	C:\Program Files\Java\jre1.8.0_202\bin\java.dll
0x00007ffc5d940000 - 0x00007ffc5d956000 	C:\Program Files\Java\jre1.8.0_202\bin\zip.dll
0x00007ffc72c40000 - 0x00007ffc73383000 	C:\Windows\System32\SHELL32.dll
0x00007ffc6f800000 - 0x00007ffc6ff91000 	C:\Windows\SYSTEM32\windows.storage.dll
0x00007ffc72260000 - 0x00007ffc725b4000 	C:\Windows\System32\combase.dll
0x00007ffc711e0000 - 0x00007ffc71210000 	C:\Windows\SYSTEM32\Wldp.dll
0x00007ffc73e40000 - 0x00007ffc73eed000 	C:\Windows\System32\SHCORE.dll
0x00007ffc733b0000 - 0x00007ffc73405000 	C:\Windows\System32\shlwapi.dll
0x00007ffc716c0000 - 0x00007ffc716df000 	C:\Windows\SYSTEM32\profapi.dll
0x00007ffc5bef0000 - 0x00007ffc5bf0a000 	C:\Program Files\Java\jre1.8.0_202\bin\net.dll
0x00007ffc64660000 - 0x00007ffc6484d000 	C:\Windows\SYSTEM32\urlmon.dll
0x00007ffc64990000 - 0x00007ffc64c41000 	C:\Windows\SYSTEM32\iertutil.dll
0x00007ffc70cf0000 - 0x00007ffc70cfc000 	C:\Windows\SYSTEM32\netutils.dll
0x00007ffc69070000 - 0x00007ffc69098000 	C:\Windows\SYSTEM32\srvcli.dll
0x00007ffc70f40000 - 0x00007ffc70faa000 	C:\Windows\system32\mswsock.dll
0x00007ffc5ab60000 - 0x00007ffc5ab72000 	C:\Program Files\Java\jre1.8.0_202\bin\nio.dll
0x00007ffc71140000 - 0x00007ffc71158000 	C:\Windows\SYSTEM32\CRYPTSP.dll
0x00007ffc707f0000 - 0x00007ffc70824000 	C:\Windows\system32\rsaenh.dll
0x00007ffc718d0000 - 0x00007ffc718f7000 	C:\Windows\System32\bcrypt.dll
0x00007ffc71640000 - 0x00007ffc7166e000 	C:\Windows\SYSTEM32\USERENV.dll
0x00007ffc71900000 - 0x00007ffc71982000 	C:\Windows\System32\bcryptprimitives.dll
0x00007ffc71130000 - 0x00007ffc7113c000 	C:\Windows\SYSTEM32\CRYPTBASE.dll
0x00007ffc70be0000 - 0x00007ffc70c1b000 	C:\Windows\SYSTEM32\IPHLPAPI.DLL
0x00007ffc73620000 - 0x00007ffc73628000 	C:\Windows\System32\NSI.dll
0x00007ffc68830000 - 0x00007ffc68847000 	C:\Windows\SYSTEM32\dhcpcsvc6.DLL
0x00007ffc6b120000 - 0x00007ffc6b13d000 	C:\Windows\SYSTEM32\dhcpcsvc.DLL
0x00007ffc70c20000 - 0x00007ffc70cea000 	C:\Windows\SYSTEM32\DNSAPI.dll
0x00007ffc57800000 - 0x00007ffc57824000 	C:\Program Files\Java\jre1.8.0_202\bin\sunec.dll
0x00007ffc621d0000 - 0x00007ffc621da000 	C:\Windows\System32\rasadhlp.dll
0x00007ffc622a0000 - 0x00007ffc62320000 	C:\Windows\System32\fwpuclnt.dll
0x00007ffc6d280000 - 0x00007ffc6d28b000 	C:\Program Files\Java\jre1.8.0_202\bin\sunmscapi.dll
0x00007ffc71d70000 - 0x00007ffc71ec6000 	C:\Windows\System32\CRYPT32.dll
0x00007ffc6d160000 - 0x00007ffc6d16d000 	C:\Program Files\Java\jre1.8.0_202\bin\management.dll
0x00007ffc61810000 - 0x00007ffc61827000 	C:\Windows\system32\napinsp.dll
0x00007ffc56db0000 - 0x00007ffc56dcb000 	C:\Windows\system32\pnrpnsp.dll
0x00007ffc5c290000 - 0x00007ffc5c2a5000 	C:\Windows\system32\wshbth.dll
0x00007ffc6d120000 - 0x00007ffc6d13d000 	C:\Windows\system32\NLAapi.dll
0x00007ffc53a00000 - 0x00007ffc53a12000 	C:\Windows\System32\winrnr.dll
0x00007ffc38540000 - 0x00007ffc386d9000 	C:\Program Files\Java\jre1.8.0_202\bin\awt.dll
0x00007ffc72b70000 - 0x00007ffc72c3d000 	C:\Windows\System32\OLEAUT32.dll
0x00007ffc6ef30000 - 0x00007ffc6efc1000 	C:\Windows\SYSTEM32\apphelp.dll
0x00007ffc6f310000 - 0x00007ffc6f33f000 	C:\Windows\system32\DWMAPI.DLL
0x00007ffc6f120000 - 0x00007ffc6f1be000 	C:\Windows\system32\uxtheme.dll
0x00007ffc45280000 - 0x00007ffc453a7000 	C:\Windows\system32\opengl32.dll
0x00007ffc5ce80000 - 0x00007ffc5ceac000 	C:\Windows\SYSTEM32\GLU32.dll
0x00007ffc72a50000 - 0x00007ffc72b65000 	C:\Windows\System32\MSCTF.dll
0x00007ffc725c0000 - 0x00007ffc726ea000 	C:\Windows\System32\ole32.dll
0x00007ffc6f600000 - 0x00007ffc6f612000 	C:\Windows\SYSTEM32\kernel.appcore.dll

VM Arguments:
jvm_args: -ea -Dfile.encoding=Cp1252 
java_command: org.eclipse.jdt.internal.junit.runner.RemoteTestRunner -version 3 -port 56778 -testLoaderClass org.eclipse.jdt.internal.junit4.runner.JUnit4TestLoader -loaderpluginname org.eclipse.jdt.junit4.runtime -classNames com.runner.TestRunnerclass
java_class_path (initial): C:\Users\ADMIN\eclipse-workspace\OMRBranchAdactinHotelAutomation\target\test-classes;C:\Users\ADMIN\eclipse-workspace\OMRBranchAdactinHotelAutomation\target\classes;C:\Users\ADMIN\.m2\repository\org\seleniumhq\selenium\selenium-java\4.6.0\selenium-java-4.6.0.jar;C:\Users\ADMIN\.m2\repository\org\seleniumhq\selenium\selenium-api\4.6.0\selenium-api-4.6.0.jar;C:\Users\ADMIN\.m2\repository\org\seleniumhq\selenium\selenium-chrome-driver\4.6.0\selenium-chrome-driver-4.6.0.jar;C:\Users\ADMIN\.m2\repository\com\google\auto\service\auto-service-annotations\1.0.1\auto-service-annotations-1.0.1.jar;C:\Users\ADMIN\.m2\repository\com\google\auto\service\auto-service\1.0.1\auto-service-1.0.1.jar;C:\Users\ADMIN\.m2\repository\com\google\auto\auto-common\1.2\auto-common-1.2.jar;C:\Users\ADMIN\.m2\repository\org\seleniumhq\selenium\selenium-chromium-driver\4.6.0\selenium-chromium-driver-4.6.0.jar;C:\Users\ADMIN\.m2\repository\org\seleniumhq\selenium\selenium-json\4.6.0\selenium-json-4.6.0.jar;C:\Users\ADMIN\.m2\repository\org\seleniumhq\selenium\selenium-devtools-v105\4.6.0\selenium-devtools-v105-4.6.0.jar;C:\Users\ADMIN\.m2\repository\org\seleniumhq\selenium\selenium-devtools-v106\4.6.0\selenium-devtools-v106-4.6.0.jar;C:\Users\ADMIN\.m2\repository\org\seleniumhq\selenium\selenium-devtools-v107\4.6.0\selenium-devtools-v107-4.6.0.jar;C:\Users\ADMIN\.m2\repository\org\seleniumhq\selenium\selenium-devtools-v85\4.6.0\selenium-devtools-v85-4.6.0.jar;C:\Users\ADMIN\.m2\repository\org\seleniumhq\selenium\selenium-edge-driver\4.6.0\selenium-edge-driver-4.6.0.jar;C:\Users\ADMIN\.m2\repository\org\seleniumhq\selenium\selenium-firefox-driver\4.6.0\selenium-firefox-driver-4.6.0.jar;C:\Users\ADMIN\.m2\repository\org\seleniumhq\selenium\selenium-ie-driver\4.6.0\selenium-ie-driver-4.6.0.jar;C:\Users\ADMIN\.m2\repository\org\seleniumhq\selenium\selenium-remote-driver\4.6.0\selenium-remote-driver-4.6.0.jar;C:\Users\ADMIN\.m2\repository\io\netty\netty-buffer\4.1.84.Final
Launcher Type: SUN_STANDARD

Environment Variables:
JAVA_HOME=C:\Program Files\Java\jdk1.8.0_202
PATH=C:/Program Files/Java/jre1.8.0_202/bin/server;C:/Program Files/Java/jre1.8.0_202/bin;C:/Program Files/Java/jre1.8.0_202/lib/amd64;C:\oraclexe\app\oracle\product\10.2.0\server\bin;C:\Program Files (x86)\Common Files\Oracle\Java\javapath;C:\Windows\system32;C:\Windows;C:\Windows\System32\Wbem;C:\Windows\System32\WindowsPowerShell\v1.0\;C:\Windows\System32\OpenSSH\;C:\Program Files\Common Files\Autodesk Shared\;C:\Program Files\Git\cmd;C:\Program Files\Java\jdk1.8.0_202\bin;C:\Users\ADMIN\Downloads\apache-maven-3.8.6-bin\apache-maven-3.8.6\bin;C:\Users\ADMIN\AppData\Local\Microsoft\WindowsApps;;C:\Program Files\eclipse;
USERNAME=ADMIN
OS=Windows_NT
PROCESSOR_IDENTIFIER=Intel64 Family 6 Model 37 Stepping 5, GenuineIntel



---------------  S Y S T E M  ---------------

OS: Windows 10.0 , 64 bit Build 19041 (10.0.19041.1889)

CPU:total 4 (initial active 4) (2 cores per cpu, 2 threads per core) family 6 model 37 stepping 5, cmov, cx8, fxsr, mmx, sse, sse2, sse3, ssse3, sse4.1, sse4.2, popcnt, ht, tsc, tscinvbit

Memory: 4k page, physical 6084460k(858996k free), swap 9752552k(3144k free)

vm_info: Java HotSpot(TM) 64-Bit Server VM (25.202-b08) for windows-amd64 JRE (1.8.0_202-b08), built on Dec 15 2018 19:54:30 by "java_re" with MS VC++ 10.0 (VS2010)

time: Sun Nov 13 14:48:44 2022
timezone: India Standard Time
elapsed time: 182 seconds (0d 0h 3m 2s)

